2020-05-20T22:32:26.692Z info: Listening on port 4000
2020-05-20T22:32:40.081Z info: Listening on port 4000
2020-05-20T22:33:49.589Z info: Listening on port 4000
2020-05-20T22:33:54.209Z info: request received at /health
2020-05-20T22:34:14.546Z info: Listening on port 4000
2020-05-20T22:34:45.715Z info: request received at /health
2020-05-20T22:34:47.794Z info: request received at /health
2020-05-20T22:34:48.207Z info: request received at /health
2020-05-20T22:34:48.568Z info: request received at /health
2020-05-20T22:34:48.889Z info: request received at /health
2020-05-20T22:35:47.653Z info: Listening on port 4000
2020-05-20T22:36:09.313Z info: Listening on port 4000
2020-05-20T22:37:09.479Z info: Listening on port 4000
2020-05-20T22:37:43.700Z info: Listening on port 4000
2020-05-20T22:37:48.243Z info: Listening on port 4000
2020-05-20T22:44:15.793Z info: Connected to Postgres with TypeORM
2020-05-20T22:44:15.801Z info: Listening on port 4000
2020-05-20T22:47:42.121Z info: Connected to Postgres with TypeORM
2020-05-20T22:47:42.129Z info: Listening on port 4000
2020-05-20T22:49:05.099Z info: Connected to Postgres with TypeORM
2020-05-20T22:49:05.107Z info: Listening on port 4000
2020-05-20T22:49:28.785Z info: Connected to Postgres with TypeORM
2020-05-20T22:49:28.793Z info: Listening on port 4000
2020-05-20T22:51:14.894Z info: Connected to Postgres with TypeORM
2020-05-20T22:51:14.900Z info: Listening on port 4000
2020-05-20T22:51:36.293Z info: Connected to Postgres with TypeORM
2020-05-20T22:51:36.300Z info: Listening on port 4000
2020-05-20T22:52:29.537Z info: Connected to Postgres with TypeORM
2020-05-20T22:52:29.545Z info: Listening on port 4000
2020-05-20T22:52:51.232Z info: Connected to Postgres with TypeORM
2020-05-20T22:52:51.240Z info: Listening on port 4000
2020-05-20T22:53:01.462Z info: Connected to Postgres with TypeORM
2020-05-20T22:53:01.471Z info: Listening on port 4000
2020-05-20T22:59:59.548Z info: Connected to Postgres with TypeORM
2020-05-20T22:59:59.556Z info: Listening on port 4000
2020-05-20T23:00:15.578Z info: request received at /health
2020-05-20T23:10:37.064Z info: Connected to Postgres with TypeORM
2020-05-20T23:10:37.077Z info: Listening on port 4000
2020-05-20T23:10:37.077Z info: Listening on port 4000
2020-05-20T23:10:52.280Z info: Connected to Postgres with TypeORM
2020-05-20T23:10:52.291Z info: Listening on port 4000
2020-05-20T23:11:04.413Z info: Connected to Postgres with TypeORM
2020-05-20T23:11:04.421Z info: Listening on port 4000
2020-05-20T23:11:15.606Z info: Connected to Postgres with TypeORM
2020-05-20T23:11:15.616Z info: Listening on port 4000
2020-05-20T23:11:15.617Z error: test
2020-05-20T23:11:43.093Z info: Connected to Postgres with TypeORM
2020-05-20T23:11:43.105Z info: Listening on port 4000
2020-05-20T23:11:43.106Z error: test
2020-05-20T23:13:42.498Z info: Connected to Postgres with TypeORM
2020-05-20T23:13:42.508Z info: Listening on port 4000
2020-05-20T23:13:42.508Z error: test
2020-05-20T23:13:53.229Z info: Connected to Postgres with TypeORM
2020-05-20T23:13:53.239Z info: Listening on port 4000
2020-05-20T23:14:11.730Z info: request received at /health
2020-05-20T23:19:00.507Z info: Connected to Postgres with TypeORM
2020-05-20T23:19:00.516Z info: Listening on port 4000
2020-05-20T23:23:39.677Z info: Connected to Postgres with TypeORM
2020-05-20T23:23:39.688Z info: Listening on port 4000
2020-05-20T23:27:47.720Z info: Connected to Postgres with TypeORM
2020-05-20T23:27:47.763Z info: Listening on port 4000
2020-05-20T23:28:19.313Z info: Connected to Postgres with TypeORM
2020-05-20T23:28:19.356Z info: Listening on port 4000
2020-05-20T23:29:28.209Z info: Connected to Postgres with TypeORM
2020-05-20T23:29:28.246Z info: Listening on port 4000
2020-05-20T23:29:38.362Z info: Connected to Postgres with TypeORM
2020-05-20T23:29:38.379Z info: Listening on port 4000
2020-05-20T23:29:39.543Z info: record added to database
2020-05-20T23:29:54.141Z info: record added to database
2020-05-20T23:30:32.376Z info: Connected to Postgres with TypeORM
2020-05-20T23:30:32.414Z info: Listening on port 4000
2020-05-20T23:31:05.623Z info: Connected to Postgres with TypeORM
2020-05-20T23:31:05.657Z info: Listening on port 4000
2020-05-21T08:17:19.089Z info: Connected to Postgres with TypeORM
2020-05-21T08:17:19.096Z info: Listening on port 4000
2020-05-21T08:42:12.785Z info: Connected to Postgres with TypeORM
2020-05-21T08:42:12.793Z info: Listening on port 4000
2020-05-21T08:47:02.804Z info: Connected to Postgres with TypeORM
2020-05-21T08:47:02.813Z info: Listening on port 4000
2020-05-21T08:52:00.620Z info: Connected to Postgres with TypeORM
2020-05-21T08:52:00.631Z info: Listening on port 4000
2020-05-21T09:00:05.266Z info: Connected to Postgres with TypeORM
2020-05-21T09:00:05.274Z info: Listening on port 4000
2020-05-21T09:06:44.832Z info: Connected to Postgres with TypeORM
2020-05-21T09:06:44.840Z info: Listening on port 4000
2020-05-21T09:07:35.110Z info: request received at /health
2020-05-21T09:08:25.779Z info: Connected to Postgres with TypeORM
2020-05-21T09:08:25.786Z info: Listening on port 4000
2020-05-21T09:08:34.463Z info: request received at /health
2020-05-21T09:08:46.236Z info: Connected to Postgres with TypeORM
2020-05-21T09:08:46.243Z info: Listening on port 4000
2020-05-21T09:08:51.516Z info: request received at /health
2020-05-21T09:09:28.320Z info: Connected to Postgres with TypeORM
2020-05-21T09:09:28.327Z info: Listening on port 4000
2020-05-21T09:09:34.126Z info: request received at /health
2020-05-21T09:09:34.127Z info: [object Object]
2020-05-21T09:09:45.319Z info: Connected to Postgres with TypeORM
2020-05-21T09:09:45.327Z info: Listening on port 4000
2020-05-21T09:09:46.061Z info: request received at /health
2020-05-21T09:09:46.061Z info: [object Object]
2020-05-21T09:10:12.723Z info: Connected to Postgres with TypeORM
2020-05-21T09:10:12.732Z info: Listening on port 4000
2020-05-21T09:10:13.478Z info: request received at /health
2020-05-21T11:40:10.037Z info: Connected to Postgres with TypeORM
2020-05-21T11:40:10.045Z info: Listening on port 4000
2020-05-21T11:46:11.553Z info: Connected to Postgres with TypeORM
2020-05-21T11:46:11.560Z info: Listening on port 4000
2020-05-21T11:46:39.410Z info: Connected to Postgres with TypeORM
2020-05-21T11:46:39.419Z info: Listening on port 4000
2020-05-21T11:47:31.354Z info: Connected to Postgres with TypeORM
2020-05-21T11:47:31.363Z info: Listening on port 4000
2020-05-21T11:49:38.185Z info: Connected to Postgres with TypeORM
2020-05-21T11:49:38.193Z info: Listening on port 4000
2020-05-21T11:51:15.772Z info: Listening on port 4000
2020-05-21T11:51:16.250Z info: Connected to Postgres with TypeORM
2020-05-21T11:51:42.053Z info: Listening on port 4000
2020-05-21T11:51:42.498Z info: Connected to Postgres with TypeORM
2020-05-21T11:52:24.495Z info: Listening on port 4000
2020-05-21T11:52:24.987Z info: Connected to Postgres with TypeORM
2020-05-21T11:56:01.958Z info: Listening on port 4000
2020-05-21T11:56:02.452Z info: Connected to Postgres with TypeORM
2020-05-21T11:56:46.046Z info: request received at /health
2020-05-21T11:57:35.759Z info: Listening on port 4000
2020-05-21T11:57:36.232Z info: Connected to Postgres with TypeORM
2020-05-21T11:57:54.674Z info: Listening on port 4000
2020-05-21T11:57:55.157Z info: Connected to Postgres with TypeORM
2020-05-21T11:59:24.597Z info: Listening on port 4000
2020-05-21T11:59:25.091Z info: Connected to Postgres with TypeORM
2020-05-21T11:59:33.181Z info: Listening on port 4000
2020-05-21T11:59:33.632Z info: Connected to Postgres with TypeORM
2020-05-21T11:59:55.812Z info: Listening on port 4000
2020-05-21T11:59:56.276Z info: Connected to Postgres with TypeORM
2020-05-21T12:04:50.051Z info: Listening on port 4000
2020-05-21T12:04:50.597Z info: Connected to Postgres with TypeORM
2020-05-21T12:05:35.324Z info: Listening on port 4000
2020-05-21T12:05:40.588Z info: Listening on port 4000
2020-05-21T12:05:41.096Z info: Connected to Postgres with TypeORM
2020-05-21T12:10:19.333Z info: Listening on port 4000
2020-05-21T12:10:19.772Z info: Connected to Postgres with TypeORM
2020-05-21T12:14:10.231Z info: Listening on port 4000
2020-05-21T12:14:10.693Z info: Connected to Postgres with TypeORM
2020-05-21T12:14:26.403Z info: Listening on port 4000
2020-05-21T12:14:26.910Z info: Connected to Postgres with TypeORM
2020-05-21T12:15:12.696Z info: Listening on port 4000
2020-05-21T12:15:13.187Z info: Connected to Postgres with TypeORM
2020-05-21T12:16:28.157Z info: Listening on port 4000
2020-05-21T12:16:28.609Z info: Connected to Postgres with TypeORM
2020-05-21T12:16:53.886Z info: Listening on port 4000
2020-05-21T12:16:54.412Z info: Connected to Postgres with TypeORM
2020-05-21T12:25:54.814Z info: Listening on port 4000
2020-05-21T12:25:55.363Z info: Connected to Postgres with TypeORM
2020-05-21T12:38:51.017Z info: Listening on port 4000
2020-05-21T12:38:51.874Z info: Connected to Postgres with TypeORM
2020-05-21T12:53:05.442Z info: Listening on port 4000
2020-05-21T12:53:06.350Z info: Connected to Postgres with TypeORM
2020-05-21T13:07:26.791Z info: Listening on port 4000
2020-05-21T13:07:27.697Z info: Connected to Postgres with TypeORM
2020-05-21T13:07:32.287Z info: Listening on port 4000
2020-05-21T13:07:33.275Z info: Connected to Postgres with TypeORM
2020-05-21T13:18:30.538Z info: Listening on port 4000
2020-05-21T13:18:31.458Z info: Connected to Postgres with TypeORM
2020-05-21T13:19:16.472Z info: Listening on port 4000
2020-05-21T13:19:17.418Z info: Connected to Postgres with TypeORM
2020-05-21T13:19:30.115Z info: Listening on port 4000
2020-05-21T13:19:31.087Z info: Connected to Postgres with TypeORM
2020-05-21T13:19:58.940Z info: Listening on port 4000
2020-05-21T13:19:59.894Z info: Connected to Postgres with TypeORM
2020-05-21T13:20:18.393Z info: Listening on port 4000
2020-05-21T13:20:19.345Z info: Connected to Postgres with TypeORM
2020-05-21T13:20:49.300Z info: Listening on port 4000
2020-05-21T13:20:50.233Z info: Connected to Postgres with TypeORM
2020-05-21T13:21:04.692Z info: Listening on port 4000
2020-05-21T13:21:05.703Z info: Connected to Postgres with TypeORM
2020-05-21T13:21:29.896Z info: Listening on port 4000
2020-05-21T13:21:30.834Z info: Connected to Postgres with TypeORM
2020-05-21T13:22:20.719Z info: Listening on port 4000
2020-05-21T13:22:21.585Z info: Connected to Postgres with TypeORM
2020-05-21T13:23:37.028Z info: Listening on port 4000
2020-05-21T13:23:37.947Z info: Connected to Postgres with TypeORM
2020-05-21T13:23:44.234Z info: Listening on port 4000
2020-05-21T13:23:45.159Z info: Connected to Postgres with TypeORM
2020-05-21T13:25:00.285Z info: Listening on port 4000
2020-05-21T13:25:01.243Z info: Connected to Postgres with TypeORM
2020-05-21T13:25:06.088Z info: Listening on port 4000
2020-05-21T13:25:07.037Z info: Connected to Postgres with TypeORM
2020-05-21T13:25:51.720Z info: Listening on port 4000
2020-05-21T13:25:52.643Z info: Connected to Postgres with TypeORM
2020-05-21T13:28:32.888Z info: Listening on port 4000
2020-05-21T13:28:33.821Z info: Connected to Postgres with TypeORM
2020-05-21T13:28:59.507Z info: Listening on port 4000
2020-05-21T13:29:00.449Z info: Connected to Postgres with TypeORM
2020-05-21T13:29:26.584Z info: Listening on port 4000
2020-05-21T13:29:27.495Z info: Connected to Postgres with TypeORM
2020-05-21T13:33:27.330Z info: Listening on port 4000
2020-05-21T13:33:28.240Z info: Connected to Postgres with TypeORM
2020-05-21T13:33:48.639Z info: Listening on port 4000
2020-05-21T13:33:49.549Z info: Connected to Postgres with TypeORM
2020-05-21T13:33:57.872Z info: Listening on port 4000
2020-05-21T13:33:58.811Z info: Connected to Postgres with TypeORM
2020-05-21T13:34:02.931Z info: Listening on port 4000
2020-05-21T13:34:03.907Z info: Connected to Postgres with TypeORM
2020-05-21T13:34:43.488Z info: Listening on port 4000
2020-05-21T13:34:44.413Z info: Connected to Postgres with TypeORM
2020-05-21T13:34:59.327Z info: Listening on port 4000
2020-05-21T13:35:00.275Z info: Connected to Postgres with TypeORM
2020-05-21T13:35:04.009Z info: Listening on port 4000
2020-05-21T13:35:04.911Z info: Connected to Postgres with TypeORM
2020-05-21T13:35:27.727Z info: Listening on port 4000
2020-05-21T13:35:28.194Z info: Connected to Postgres with TypeORM
2020-05-21T13:36:18.358Z info: Listening on port 4000
2020-05-21T13:36:18.858Z info: Connected to Postgres with TypeORM
2020-05-21T13:37:40.187Z info: Listening on port 4000
2020-05-21T13:37:40.736Z info: Connected to Postgres with TypeORM
2020-05-21T13:38:10.837Z info: Listening on port 4000
2020-05-21T13:38:11.342Z info: Connected to Postgres with TypeORM
2020-05-21T13:38:26.115Z info: Listening on port 4000
2020-05-21T13:38:26.608Z info: Connected to Postgres with TypeORM
2020-05-21T13:38:53.814Z info: Listening on port 4000
2020-05-21T13:38:54.316Z info: Connected to Postgres with TypeORM
2020-05-21T13:39:03.150Z info: Listening on port 4000
2020-05-21T13:39:03.640Z info: Connected to Postgres with TypeORM
2020-05-21T13:39:48.365Z info: Listening on port 4000
2020-05-21T13:39:48.886Z info: Connected to Postgres with TypeORM
2020-05-21T13:39:53.814Z info: Listening on port 4000
2020-05-21T13:39:54.375Z info: Connected to Postgres with TypeORM
2020-05-21T13:41:31.911Z info: Listening on port 4000
2020-05-21T13:41:32.427Z info: Connected to Postgres with TypeORM
2020-05-21T13:42:02.787Z info: Listening on port 4000
2020-05-21T13:42:03.268Z info: Connected to Postgres with TypeORM
2020-05-21T13:42:58.415Z info: Listening on port 4000
2020-05-21T13:42:58.917Z info: Connected to Postgres with TypeORM
2020-05-21T13:44:17.566Z info: Listening on port 4000
2020-05-21T13:44:18.079Z info: Connected to Postgres with TypeORM
2020-05-21T13:44:23.996Z info: Listening on port 4000
2020-05-21T13:44:24.541Z info: Connected to Postgres with TypeORM
2020-05-21T13:44:55.080Z info: Listening on port 4000
2020-05-21T13:44:55.560Z info: Connected to Postgres with TypeORM
2020-05-21T13:46:11.687Z info: Listening on port 4000
2020-05-21T13:46:12.217Z info: Connected to Postgres with TypeORM
2020-05-21T13:47:04.029Z info: Listening on port 4000
2020-05-21T13:47:04.541Z info: Connected to Postgres with TypeORM
2020-05-21T13:48:29.000Z info: Listening on port 4000
2020-05-21T13:48:29.531Z info: Connected to Postgres with TypeORM
2020-05-21T13:49:11.745Z info: Listening on port 4000
2020-05-21T13:49:12.247Z info: Connected to Postgres with TypeORM
2020-05-21T13:49:16.866Z info: request received at /health
2020-05-21T13:52:16.544Z info: Listening on port 4000
2020-05-21T13:52:17.046Z info: Connected to Postgres with TypeORM
2020-05-21T13:52:20.223Z error: data and salt arguments required
2020-05-21T13:53:33.404Z info: Listening on port 4000
2020-05-21T13:53:33.900Z info: Connected to Postgres with TypeORM
2020-05-21T13:53:39.869Z info: Listening on port 4000
2020-05-21T13:53:40.551Z info: Connected to Postgres with TypeORM
2020-05-21T13:53:43.778Z error: data and salt arguments required
2020-05-21T13:54:13.502Z info: Listening on port 4000
2020-05-21T13:54:14.026Z info: Connected to Postgres with TypeORM
2020-05-21T13:54:57.297Z info: Listening on port 4000
2020-05-21T13:54:57.871Z info: Connected to Postgres with TypeORM
2020-05-21T13:55:05.063Z info: Listening on port 4000
2020-05-21T13:55:05.636Z info: Connected to Postgres with TypeORM
2020-05-21T13:57:44.812Z info: Listening on port 4000
2020-05-21T13:57:45.411Z info: Connected to Postgres with TypeORM
2020-05-21T13:59:34.549Z info: Listening on port 4000
2020-05-21T13:59:35.068Z info: Connected to Postgres with TypeORM
2020-05-21T14:01:05.064Z info: Listening on port 4000
2020-05-21T14:01:05.582Z info: Connected to Postgres with TypeORM
2020-05-21T19:23:59.987Z info: Listening on port 4000
2020-05-21T19:24:00.514Z info: Connected to Postgres with TypeORM
2020-05-21T19:26:24.426Z info: Listening on port 4000
2020-05-21T19:26:24.969Z info: Connected to Postgres with TypeORM
2020-05-21T19:26:50.002Z info: Listening on port 4000
2020-05-21T19:26:50.526Z info: Connected to Postgres with TypeORM
2020-05-21T19:31:49.321Z info: Listening on port 4000
2020-05-21T19:31:49.854Z info: Connected to Postgres with TypeORM
2020-05-21T19:32:11.576Z info: Listening on port 4000
2020-05-21T19:32:12.082Z info: Connected to Postgres with TypeORM
2020-05-21T19:33:25.922Z info: Listening on port 4000
2020-05-21T19:33:25.995Z info: Connected to Postgres with TypeORM
2020-05-21T19:34:03.376Z info: Listening on port 4000
2020-05-21T19:34:03.550Z info: Connected to Postgres with TypeORM
2020-05-21T19:34:56.858Z info: Listening on port 4000
2020-05-21T19:34:57.065Z info: Connected to Postgres with TypeORM
2020-05-21T19:35:03.682Z info: Listening on port 4000
2020-05-21T19:35:03.888Z info: Connected to Postgres with TypeORM
2020-05-21T19:35:22.923Z info: Listening on port 4000
2020-05-21T19:35:23.161Z info: Connected to Postgres with TypeORM
2020-05-21T19:37:17.872Z info: Listening on port 4000
2020-05-21T19:37:18.063Z info: Connected to Postgres with TypeORM
2020-05-21T19:38:10.361Z info: Listening on port 4000
2020-05-21T19:38:10.530Z info: Connected to Postgres with TypeORM
2020-05-21T19:38:58.916Z info: Listening on port 4000
2020-05-21T19:38:59.095Z info: Connected to Postgres with TypeORM
2020-05-21T19:39:14.197Z info: Listening on port 4000
2020-05-21T19:39:14.385Z info: Connected to Postgres with TypeORM
